<?xml version="1.0" encoding="UTF-8"?>
<robot generator="Robot 6.0.2 (Python 3.10.10 on darwin)" generated="20230404 17:09:14.325" rpa="false" schemaversion="3">
<suite id="s1" name="lacosDeRepeticao" source="/Users/AMN/Documents/leandro/robot/tests/lacosDeRepeticao.robot">
<test id="s1-t1" name="Testando o FOR IN RANGE" line="35">
<kw name="usando FOR IN RANGE para numeros de 1 ate 5" library="lacosDeRepeticaoKW">
<for flavor="IN RANGE">
<var>${numeros}</var>
<value>0</value>
<value>5</value>
<iter>
<var name="${numeros}">0</var>
<kw name="Log" library="BuiltIn">
<arg>seu numero é: ${numeros}</arg>
<doc>Logs the given message with the given level.</doc>
<msg timestamp="20230404 17:09:15.579" level="INFO">seu numero é: 0</msg>
<status status="PASS" starttime="20230404 17:09:15.578" endtime="20230404 17:09:15.595"/>
</kw>
<status status="PASS" starttime="20230404 17:09:15.577" endtime="20230404 17:09:15.596"/>
</iter>
<iter>
<var name="${numeros}">1</var>
<kw name="Log" library="BuiltIn">
<arg>seu numero é: ${numeros}</arg>
<doc>Logs the given message with the given level.</doc>
<msg timestamp="20230404 17:09:15.598" level="INFO">seu numero é: 1</msg>
<status status="PASS" starttime="20230404 17:09:15.597" endtime="20230404 17:09:15.599"/>
</kw>
<status status="PASS" starttime="20230404 17:09:15.596" endtime="20230404 17:09:15.599"/>
</iter>
<iter>
<var name="${numeros}">2</var>
<kw name="Log" library="BuiltIn">
<arg>seu numero é: ${numeros}</arg>
<doc>Logs the given message with the given level.</doc>
<msg timestamp="20230404 17:09:15.600" level="INFO">seu numero é: 2</msg>
<status status="PASS" starttime="20230404 17:09:15.600" endtime="20230404 17:09:15.601"/>
</kw>
<status status="PASS" starttime="20230404 17:09:15.599" endtime="20230404 17:09:15.601"/>
</iter>
<iter>
<var name="${numeros}">3</var>
<kw name="Log" library="BuiltIn">
<arg>seu numero é: ${numeros}</arg>
<doc>Logs the given message with the given level.</doc>
<msg timestamp="20230404 17:09:15.602" level="INFO">seu numero é: 3</msg>
<status status="PASS" starttime="20230404 17:09:15.602" endtime="20230404 17:09:15.603"/>
</kw>
<status status="PASS" starttime="20230404 17:09:15.602" endtime="20230404 17:09:15.603"/>
</iter>
<iter>
<var name="${numeros}">4</var>
<kw name="Log" library="BuiltIn">
<arg>seu numero é: ${numeros}</arg>
<doc>Logs the given message with the given level.</doc>
<msg timestamp="20230404 17:09:15.605" level="INFO">seu numero é: 4</msg>
<status status="PASS" starttime="20230404 17:09:15.604" endtime="20230404 17:09:15.605"/>
</kw>
<status status="PASS" starttime="20230404 17:09:15.603" endtime="20230404 17:09:15.605"/>
</iter>
<status status="PASS" starttime="20230404 17:09:15.577" endtime="20230404 17:09:15.606"/>
</for>
<status status="PASS" starttime="20230404 17:09:15.576" endtime="20230404 17:09:15.606"/>
</kw>
<doc>testando o FOR IN RANGE com numeros de 1 ate 5</doc>
<tag>for</tag>
<status status="PASS" starttime="20230404 17:09:15.574" endtime="20230404 17:09:15.607"/>
</test>
<status status="PASS" starttime="20230404 17:09:14.356" endtime="20230404 17:09:15.608"/>
</suite>
<statistics>
<total>
<stat pass="1" fail="0" skip="0">All Tests</stat>
</total>
<tag>
<stat pass="1" fail="0" skip="0">for</stat>
</tag>
<suite>
<stat pass="1" fail="0" skip="0" id="s1" name="lacosDeRepeticao">lacosDeRepeticao</stat>
</suite>
</statistics>
<errors>
</errors>
</robot>
