<?xml version="1.0" encoding="UTF-8"?>
<robot generator="Robot 5.0.1 (Python 3.8.0 on darwin)" generated="20230303 14:10:18.613" rpa="false" schemaversion="3">
<suite id="s1" name="Tests" source="/Users/AMN/Documents/leandro/robot/tests">
<suite id="s1-s1" name="Teste" source="/Users/AMN/Documents/leandro/robot/tests/teste.robot">
<test id="s1-s1-t1" name="Caso de teste 01 - Acessar menu eletronicos" line="12">
<kw name="abrir browser" library="resource" type="SETUP">
<kw name="Open Browser" library="SeleniumLibrary">
<arg>browser=chrome</arg>
<doc>Opens a new browser instance to the optional ``url``.</doc>
<msg timestamp="20230303 14:10:18.945" level="INFO">Opening browser 'chrome' to base url 'None'.</msg>
<status status="PASS" starttime="20230303 14:10:18.944" endtime="20230303 14:10:21.347"/>
</kw>
<kw name="Maximize Browser Window" library="SeleniumLibrary">
<doc>Maximizes current browser window.</doc>
<status status="PASS" starttime="20230303 14:10:21.347" endtime="20230303 14:10:21.707"/>
</kw>
<status status="PASS" starttime="20230303 14:10:18.944" endtime="20230303 14:10:21.708"/>
</kw>
<kw name="Acessar home do site amazon.com.br" library="resource">
<kw name="Go To" library="SeleniumLibrary">
<arg>${url}</arg>
<doc>Navigates the current browser window to the provided ``url``.</doc>
<msg timestamp="20230303 14:10:21.709" level="INFO">Opening url 'https://www.amazon.com.br'</msg>
<status status="PASS" starttime="20230303 14:10:21.709" endtime="20230303 14:10:24.241"/>
</kw>
<kw name="Wait Until Element Is Visible" library="SeleniumLibrary">
<arg>${menuEletronicos}</arg>
<doc>Waits until the element ``locator`` is visible.</doc>
<status status="PASS" starttime="20230303 14:10:24.241" endtime="20230303 14:10:24.279"/>
</kw>
<status status="PASS" starttime="20230303 14:10:21.708" endtime="20230303 14:10:24.279"/>
</kw>
<kw name="Entrar no menu eletronicos" library="resource">
<kw name="Click Element" library="SeleniumLibrary">
<arg>${menuEletronicos}</arg>
<doc>Click the element identified by ``locator``.</doc>
<msg timestamp="20230303 14:10:24.280" level="INFO">Clicking element '//a[@href='/Eletronicos-e-Tecnologia/b/?ie=UTF8&amp;node=16209062011&amp;ref_=nav_cs_electronics'][contains(.,'Eletrônicos')]'.</msg>
<status status="PASS" starttime="20230303 14:10:24.280" endtime="20230303 14:10:25.081"/>
</kw>
<status status="PASS" starttime="20230303 14:10:24.279" endtime="20230303 14:10:25.082"/>
</kw>
<kw name="Verificar se o titulo da pagina e &quot;Eletrônicos e Tecnologia | Amazon.com.br&quot;" library="resource" sourcename="Verificar se o titulo da pagina e &quot;${titleEletronicos}&quot;">
<kw name="Wait Until Page Contains" library="SeleniumLibrary">
<arg>${titleEletronicos}</arg>
<doc>Waits until ``text`` appears on the current page.</doc>
<status status="PASS" starttime="20230303 14:10:25.083" endtime="20230303 14:10:25.307"/>
</kw>
<kw name="Title Should Be" library="SeleniumLibrary">
<arg>${titleEletronicos}</arg>
<doc>Verifies that the current page title equals ``title``.</doc>
<msg timestamp="20230303 14:10:25.311" level="INFO">Page title is 'Eletrônicos e Tecnologia | Amazon.com.br'.</msg>
<status status="PASS" starttime="20230303 14:10:25.307" endtime="20230303 14:10:25.311"/>
</kw>
<status status="PASS" starttime="20230303 14:10:25.082" endtime="20230303 14:10:25.312"/>
</kw>
<kw name="Verificar se aparece a frase &quot;Eletrônicos e Tecnologia&quot;" library="resource" sourcename="Verificar se aparece a frase &quot;${texto}&quot;">
<kw name="Wait Until Page Contains" library="SeleniumLibrary">
<arg>${texto}</arg>
<doc>Waits until ``text`` appears on the current page.</doc>
<status status="PASS" starttime="20230303 14:10:25.312" endtime="20230303 14:10:25.326"/>
</kw>
<status status="PASS" starttime="20230303 14:10:25.312" endtime="20230303 14:10:25.327"/>
</kw>
<kw name="fechar browser" library="resource" type="TEARDOWN">
<kw name="Close Browser" library="SeleniumLibrary">
<doc>Closes the current browser.</doc>
<status status="PASS" starttime="20230303 14:10:25.328" endtime="20230303 14:10:25.777"/>
</kw>
<status status="PASS" starttime="20230303 14:10:25.327" endtime="20230303 14:10:25.777"/>
</kw>
<doc>este teste verifica o menu "eletronicos" da amazon.com.br
e verifica se aparece a categoria "eletronicos e informatica"</doc>
<tag>categorias</tag>
<tag>menu</tag>
<status status="PASS" starttime="20230303 14:10:18.942" endtime="20230303 14:10:25.777"/>
</test>
<test id="s1-s1-t2" name="Caso de teste 02 - Variacao do teste 01" line="23">
<kw name="abrir browser" library="resource" type="SETUP">
<kw name="Open Browser" library="SeleniumLibrary">
<arg>browser=chrome</arg>
<doc>Opens a new browser instance to the optional ``url``.</doc>
<msg timestamp="20230303 14:10:25.780" level="INFO">Opening browser 'chrome' to base url 'None'.</msg>
<status status="PASS" starttime="20230303 14:10:25.780" endtime="20230303 14:10:28.020"/>
</kw>
<kw name="Maximize Browser Window" library="SeleniumLibrary">
<doc>Maximizes current browser window.</doc>
<status status="PASS" starttime="20230303 14:10:28.021" endtime="20230303 14:10:28.373"/>
</kw>
<status status="PASS" starttime="20230303 14:10:25.779" endtime="20230303 14:10:28.373"/>
</kw>
<kw name="Acessar home do site amazon.com.br" library="resource">
<kw name="Go To" library="SeleniumLibrary">
<arg>${url}</arg>
<doc>Navigates the current browser window to the provided ``url``.</doc>
<msg timestamp="20230303 14:10:28.376" level="INFO">Opening url 'https://www.amazon.com.br'</msg>
<status status="PASS" starttime="20230303 14:10:28.374" endtime="20230303 14:10:31.325"/>
</kw>
<kw name="Wait Until Element Is Visible" library="SeleniumLibrary">
<arg>${menuEletronicos}</arg>
<doc>Waits until the element ``locator`` is visible.</doc>
<status status="PASS" starttime="20230303 14:10:31.325" endtime="20230303 14:10:31.373"/>
</kw>
<status status="PASS" starttime="20230303 14:10:28.374" endtime="20230303 14:10:31.374"/>
</kw>
<kw name="Entrar no menu livros" library="resource">
<kw name="Click Element" library="SeleniumLibrary">
<arg>${menuLivros}</arg>
<doc>Click the element identified by ``locator``.</doc>
<msg timestamp="20230303 14:10:31.376" level="INFO">Clicking element '//a[contains(text(),'Livros')]'.</msg>
<status status="PASS" starttime="20230303 14:10:31.375" endtime="20230303 14:10:32.147"/>
</kw>
<status status="PASS" starttime="20230303 14:10:31.374" endtime="20230303 14:10:32.147"/>
</kw>
<kw name="Verificar se o titulo da pagina e &quot;Livros | Amazon.com.br&quot;" library="resource" sourcename="Verificar se o titulo da pagina e &quot;${titleEletronicos}&quot;">
<kw name="Wait Until Page Contains" library="SeleniumLibrary">
<arg>${titleEletronicos}</arg>
<doc>Waits until ``text`` appears on the current page.</doc>
<status status="PASS" starttime="20230303 14:10:32.148" endtime="20230303 14:10:32.381"/>
</kw>
<kw name="Title Should Be" library="SeleniumLibrary">
<arg>${titleEletronicos}</arg>
<doc>Verifies that the current page title equals ``title``.</doc>
<msg timestamp="20230303 14:10:32.386" level="INFO">Page title is 'Livros | Amazon.com.br'.</msg>
<status status="PASS" starttime="20230303 14:10:32.381" endtime="20230303 14:10:32.386"/>
</kw>
<status status="PASS" starttime="20230303 14:10:32.148" endtime="20230303 14:10:32.386"/>
</kw>
<kw name="Verificar se aparece a frase &quot;Loja de Livros&quot;" library="resource" sourcename="Verificar se aparece a frase &quot;${texto}&quot;">
<kw name="Wait Until Page Contains" library="SeleniumLibrary">
<arg>${texto}</arg>
<doc>Waits until ``text`` appears on the current page.</doc>
<status status="PASS" starttime="20230303 14:10:32.388" endtime="20230303 14:10:32.626"/>
</kw>
<status status="PASS" starttime="20230303 14:10:32.387" endtime="20230303 14:10:32.626"/>
</kw>
<kw name="fechar browser" library="resource" type="TEARDOWN">
<kw name="Close Browser" library="SeleniumLibrary">
<doc>Closes the current browser.</doc>
<status status="PASS" starttime="20230303 14:10:32.627" endtime="20230303 14:10:33.164"/>
</kw>
<status status="PASS" starttime="20230303 14:10:32.627" endtime="20230303 14:10:33.165"/>
</kw>
<doc>este teste verifica o menu "eletronicos" da amazon.com.br
e verifica se aparece a categoria "eletronicos e informatica"</doc>
<tag>categorias</tag>
<tag>menu</tag>
<status status="PASS" starttime="20230303 14:10:25.778" endtime="20230303 14:10:33.165"/>
</test>
<doc>esta suite serve para testar o site da amazon.com.br</doc>
<status status="PASS" starttime="20230303 14:10:18.648" endtime="20230303 14:10:33.167"/>
</suite>
<status status="PASS" starttime="20230303 14:10:18.615" endtime="20230303 14:10:33.169"/>
</suite>
<statistics>
<total>
<stat pass="2" fail="0" skip="0">All Tests</stat>
</total>
<tag>
<stat pass="2" fail="0" skip="0">categorias</stat>
<stat pass="2" fail="0" skip="0">menu</stat>
</tag>
<suite>
<stat pass="2" fail="0" skip="0" id="s1" name="Tests">Tests</stat>
<stat pass="2" fail="0" skip="0" id="s1-s1" name="Teste">Tests.Teste</stat>
</suite>
</statistics>
<errors>
</errors>
</robot>
